<?xml version="1.0" encoding="UTF-8"?>
<coverage generated="1576526771111" clover="3.2.0">
  <project timestamp="1576526771111" name="All files">
    <metrics statements="8" coveredstatements="8" conditionals="5" coveredconditionals="5" methods="1" coveredmethods="1" elements="14" coveredelements="14" complexity="0" loc="8" ncloc="8" packages="1" files="1" classes="1"/>
    <file name="app.js" path="J:\CODE\GitHub\ajs-4_try\src\app.js">
      <metrics statements="8" coveredstatements="8" conditionals="5" coveredconditionals="5" methods="1" coveredmethods="1"/>
      <line num="2" count="7" type="stmt"/>
      <line num="3" count="7" type="stmt"/>
      <line num="4" count="7" type="stmt"/>
      <line num="5" count="7" type="cond" truecount="5" falsecount="0"/>
      <line num="6" count="1" type="stmt"/>
      <line num="8" count="6" type="stmt"/>
      <line num="11" count="6" type="stmt"/>
      <line num="13" count="7" type="stmt"/>
    </file>
  </project>
</coverage>
